02-14 23:36:29.245  9866  9880 I TestRunner: started: generateKey_shouldRequireUserAuthentication(com.solanasuper.security.IdentityKeyManagerTest)
02-14 23:36:29.249  9866  9880 E TestRunner: failed: generateKey_shouldRequireUserAuthentication(com.solanasuper.security.IdentityKeyManagerTest)
02-14 23:36:29.249  9866  9880 E TestRunner: ----- begin exception -----
02-14 23:36:29.251  9866  9880 E TestRunner: java.security.InvalidAlgorithmParameterException: java.lang.IllegalStateException: At least one biometric must be enrolled to create keys requiring user authentication for every use
02-14 23:36:29.251  9866  9880 E TestRunner: 	at android.security.keystore2.AndroidKeyStoreKeyPairGeneratorSpi.initialize(AndroidKeyStoreKeyPairGeneratorSpi.java:368)
02-14 23:36:29.251  9866  9880 E TestRunner: 	at java.security.KeyPairGenerator$Delegate.initialize(KeyPairGenerator.java:720)
02-14 23:36:29.251  9866  9880 E TestRunner: 	at java.security.KeyPairGenerator.initialize(KeyPairGenerator.java:461)
02-14 23:36:29.251  9866  9880 E TestRunner: 	at com.solanasuper.security.IdentityKeyManager.generateIdentityKey(IdentityKeyManager.kt:37)
02-14 23:36:29.251  9866  9880 E TestRunner: 	at com.solanasuper.security.IdentityKeyManagerTest.generateKey_shouldRequireUserAuthentication(IdentityKeyManagerTest.kt:15)
02-14 23:36:29.251  9866  9880 E TestRunner: 	at java.lang.reflect.Method.invoke(Native Method)
02-14 23:36:29.251  9866  9880 E TestRunner: 	at org.junit.runners.model.FrameworkMethod$1.runReflectiveCall(FrameworkMethod.java:59)
02-14 23:36:29.251  9866  9880 E TestRunner: 	at org.junit.internal.runners.model.ReflectiveCallable.run(ReflectiveCallable.java:12)
02-14 23:36:29.251  9866  9880 E TestRunner: 	at org.junit.runners.model.FrameworkMethod.invokeExplosively(FrameworkMethod.java:56)
02-14 23:36:29.251  9866  9880 E TestRunner: 	at org.junit.internal.runners.statements.InvokeMethod.evaluate(InvokeMethod.java:17)
02-14 23:36:29.251  9866  9880 E TestRunner: 	at org.junit.runners.ParentRunner$3.evaluate(ParentRunner.java:306)
02-14 23:36:29.251  9866  9880 E TestRunner: 	at org.junit.runners.BlockJUnit4ClassRunner$1.evaluate(BlockJUnit4ClassRunner.java:100)
02-14 23:36:29.251  9866  9880 E TestRunner: 	at org.junit.runners.ParentRunner.runLeaf(ParentRunner.java:366)
02-14 23:36:29.251  9866  9880 E TestRunner: 	at org.junit.runners.BlockJUnit4ClassRunner.runChild(BlockJUnit4ClassRunner.java:103)
02-14 23:36:29.251  9866  9880 E TestRunner: 	at org.junit.runners.BlockJUnit4ClassRunner.runChild(BlockJUnit4ClassRunner.java:63)
02-14 23:36:29.251  9866  9880 E TestRunner: 	at org.junit.runners.ParentRunner$4.run(ParentRunner.java:331)
02-14 23:36:29.251  9866  9880 E TestRunner: 	at org.junit.runners.ParentRunner$1.schedule(ParentRunner.java:79)
02-14 23:36:29.251  9866  9880 E TestRunner: 	at org.junit.runners.ParentRunner.runChildren(ParentRunner.java:329)
02-14 23:36:29.251  9866  9880 E TestRunner: 	at org.junit.runners.ParentRunner.access$100(ParentRunner.java:66)
02-14 23:36:29.251  9866  9880 E TestRunner: 	at org.junit.runners.ParentRunner$2.evaluate(ParentRunner.java:293)
02-14 23:36:29.251  9866  9880 E TestRunner: 	at org.junit.runners.ParentRunner$3.evaluate(ParentRunner.java:306)
02-14 23:36:29.251  9866  9880 E TestRunner: 	at org.junit.runners.ParentRunner.run(ParentRunner.java:413)
02-14 23:36:29.251  9866  9880 E TestRunner: 	at androidx.test.ext.junit.runners.AndroidJUnit4.run(AndroidJUnit4.java:162)
02-14 23:36:29.251  9866  9880 E TestRunner: 	at org.junit.runners.Suite.runChild(Suite.java:128)
02-14 23:36:29.251  9866  9880 E TestRunner: 	at org.junit.runners.Suite.runChild(Suite.java:27)
02-14 23:36:29.251  9866  9880 E TestRunner: 	at org.junit.runners.ParentRunner$4.run(ParentRunner.java:331)
02-14 23:36:29.251  9866  9880 E TestRunner: 	at org.junit.runners.ParentRunner$1.schedule(ParentRunner.java:79)
02-14 23:36:29.251  9866  9880 E TestRunner: 	at org.junit.runners.ParentRunner.runChildren(ParentRunner.java:329)
02-14 23:36:29.251  9866  9880 E TestRunner: 	at org.junit.runners.ParentRunner.access$100(ParentRunner.java:66)
02-14 23:36:29.251  9866  9880 E TestRunner: 	at org.junit.runners.ParentRunner$2.evaluate(ParentRunner.java:293)
02-14 23:36:29.251  9866  9880 E TestRunner: 	at org.junit.runners.ParentRunner$3.evaluate(ParentRunner.java:306)
02-14 23:36:29.251  9866  9880 E TestRunner: 	at org.junit.runners.ParentRunner.run(ParentRunner.java:413)
02-14 23:36:29.251  9866  9880 E TestRunner: 	at org.junit.runner.JUnitCore.run(JUnitCore.java:137)
02-14 23:36:29.251  9866  9880 E TestRunner: 	at org.junit.runner.JUnitCore.run(JUnitCore.java:115)
02-14 23:36:29.251  9866  9880 E TestRunner: 	at androidx.test.internal.runner.TestExecutor.execute(TestExecutor.java:67)
02-14 23:36:29.251  9866  9880 E TestRunner: 	at androidx.test.internal.runner.TestExecutor.execute(TestExecutor.java:58)
02-14 23:36:29.251  9866  9880 E TestRunner: 	at androidx.test.runner.AndroidJUnitRunner.onStart(AndroidJUnitRunner.java:446)
02-14 23:36:29.251  9866  9880 E TestRunner: 	at android.app.Instrumentation$InstrumentationThread.run(Instrumentation.java:2597)
02-14 23:36:29.251  9866  9880 E TestRunner: Caused by: java.lang.IllegalStateException: At least one biometric must be enrolled to create keys requiring user authentication for every use
02-14 23:36:29.251  9866  9880 E TestRunner: 	at android.security.keystore2.KeyStore2ParameterUtils.addSids(KeyStore2ParameterUtils.java:269)
02-14 23:36:29.251  9866  9880 E TestRunner: 	at android.security.keystore2.KeyStore2ParameterUtils.addUserAuthArgs(KeyStore2ParameterUtils.java:330)
02-14 23:36:29.251  9866  9880 E TestRunner: 	at android.security.keystore2.AndroidKeyStoreKeyPairGeneratorSpi.initialize(AndroidKeyStoreKeyPairGeneratorSpi.java:366)
02-14 23:36:29.251  9866  9880 E TestRunner: 	... 37 more
02-14 23:36:29.251  9866  9880 E TestRunner: ----- end exception -----
02-14 23:36:29.254  9866  9880 I TestRunner: finished: generateKey_shouldRequireUserAuthentication(com.solanasuper.security.IdentityKeyManagerTest)
