INFO: Constructing runner from config.
INFO: Configuring Android Instrumentation driver: android_instrumentation_runtime {
  instrumentation_info {
    app_package: "com.solanasuper"
    test_package: "com.solanasuper.test"
    test_runner_class: "androidx.test.runner.AndroidJUnitRunner"
  }
  instrumentation_args {
    args_map {
      key: "additionalTestOutputDir"
      value: "/sdcard/Android/media/com.solanasuper/additional_test_output"
    }
    args_map {
      key: "class"
      value: "com.solanasuper.security.IdentityKeyManagerTest"
    }
  }
}
am_instrument_timeout: 31536000

INFO: Configuring AndroidTestApkInstallerPlugin: apks_to_install {
  apk_paths: "/Users/amanpandey/Desktop/SolanaSuper/app/build/outputs/apk/debug/app-debug.apk"
  install_options {
  }
  uninstall_after_test: true
}
apks_to_install {
  apk_paths: "/Users/amanpandey/Desktop/SolanaSuper/app/build/outputs/apk/androidTest/debug/app-debug-androidTest.apk"
  install_options {
  }
  uninstall_after_test: true
}
instrumentation_target_package_id: "com.solanasuper"

INFO: No installables found in test fixture. Nothing to install.
INFO: Installing [/Users/amanpandey/Desktop/SolanaSuper/app/build/outputs/apk/debug/app-debug.apk] on device emulator-5554.
INFO: Installing [/Users/amanpandey/Desktop/SolanaSuper/app/build/outputs/apk/androidTest/debug/app-debug-androidTest.apk] on device emulator-5554.
INFO: Start logcat streaming.
INFO: Running Android Instrumentation driver.
INFO: Copying files from device to host: /sdcard/Android/media/com.solanasuper/additional_test_output to /Users/amanpandey/Desktop/SolanaSuper/app/build/outputs/connected_android_test_additional_output/debugAndroidTest/connected/Pixel_8(AVD) - 16
INFO: Stop logcat streaming.
INFO: Uninstalling com.solanasuper for device emulator-5554.
INFO: Uninstalling com.solanasuper.test for device emulator-5554.
SEVERE: Execute com.solanasuper.security.IdentityKeyManagerTest.generateKey_shouldRequireUserAuthentication: FAILED
java.lang.AssertionError: java.lang.AssertionError: Key usage should require user authentication, but it succeeded without it.
at org.junit.Assert.fail(Assert.java:89)
at com.solanasuper.security.IdentityKeyManagerTest.generateKey_shouldRequireUserAuthentication(IdentityKeyManagerTest.kt:24)

java.lang.AssertionError: Key usage should require user authentication, but it succeeded without it.
at org.junit.Assert.fail(Assert.java:89)
at com.solanasuper.security.IdentityKeyManagerTest.generateKey_shouldRequireUserAuthentication(IdentityKeyManagerTest.kt:24)
